web.xslt found in C:\Program Files\Author-it\Transformations\
 
[22-Jan-2021 07:25:19:AM] Generate Magellan output started
----------------------------------------------
 
[22-Jan-2021 07:25:19:AM] Saxon Transform started
[22-Jan-2021 07:25:23:AM] Saxon Transform completed
----------------------------------------------
 
[22-Jan-2021 07:25:23:AM] Building Search Index started
[22-Jan-2021 07:25:23:AM] Building Search Index completed
----------------------------------------------
 
[22-Jan-2021 07:25:23:AM] Delete unwanted files started
[22-Jan-2021 07:25:24:AM] Delete unwanted files completed
----------------------------------------------
 
[22-Jan-2021 07:25:24:AM] Move Published Content into Sub folder started
[22-Jan-2021 07:25:25:AM] Move Published Content into Sub folder completed
----------------------------------------------
 
[22-Jan-2021 07:25:25:AM] Copy Magellan Engine to Publishing Folder started
[22-Jan-2021 07:25:38:AM] Copy Magellan Engine to Publishing Folder completed
----------------------------------------------
 
[22-Jan-2021 07:25:38:AM] Copy Magellan Themes to Publishing Folder started
[22-Jan-2021 07:25:41:AM] Copy Magellan Theme to Publishing Folder completed
----------------------------------------------
 
[22-Jan-2021 07:25:41:AM] Copy the output to the web server folder started
[22-Jan-2021 07:25:41:AM] Copy the output to the web server folder completed
----------------------------------------------
 
