web.xslt found in C:\Program Files\Author-it\Transformations\
 
[03-Sep-2020 09:31:00:AM] Generate Magellan output started
----------------------------------------------
 
[03-Sep-2020 09:31:00:AM] Saxon Transform started
[03-Sep-2020 09:31:19:AM] Saxon Transform completed
----------------------------------------------
 
[03-Sep-2020 09:31:19:AM] Building Search Index started
[03-Sep-2020 09:31:20:AM] Building Search Index completed
----------------------------------------------
 
[03-Sep-2020 09:31:20:AM] Delete unwanted files started
[03-Sep-2020 09:31:21:AM] Skipped deleting metadataindex.json file not found
[03-Sep-2020 09:31:21:AM] Skipped deleting sitemap.xml file not found
[03-Sep-2020 09:31:21:AM] Delete unwanted files completed
----------------------------------------------
 
[03-Sep-2020 09:31:21:AM] Move Published Content into Sub folder started
[03-Sep-2020 09:31:34:AM] Move Published Content into Sub folder completed
----------------------------------------------
 
[03-Sep-2020 09:31:34:AM] Copy Magellan Engine to Publishing Folder started
[03-Sep-2020 09:31:39:AM] Copy Magellan Engine to Publishing Folder completed
----------------------------------------------
 
[03-Sep-2020 09:31:39:AM] Copy Magellan Themes to Publishing Folder started
[03-Sep-2020 09:31:41:AM] Copy Magellan Theme to Publishing Folder completed
----------------------------------------------
 
[03-Sep-2020 09:31:41:AM] Copy the output to the web server folder started
[03-Sep-2020 09:31:45:AM] Copy the output to the web server folder completed
----------------------------------------------
 
