Publishing magellanTEST (135805) to Resolved XML started at 8:15:16 AM
Finding book relationships
113 objects found in 0 minutes 0 seconds
Creating output folder
Export to XML
Filtering by publishing profile and release state
Checking Release States (< 1 Second)
Exporting Objects
Copying additional files
Action - Publishing to Xml (24 Second(s))
Executing After Publish Actions
   Command Line: Compile Magallan Site
   Filename: "c:\Windows\System32\WindowsPowerShell\v1.0\powershell.exe"
   Arguments: -WindowStyle Hidden -ExecutionPolicy bypass -File "C:\Program Files\Author-it\Compilers\Magellan\magellan.ps1" -PublishFolder "C:\Program Files\Author-it\Publishing\magellanTEST\Magellan Help Center" -SaxonFolder "C:\Program Files\Saxonica\SaxonPE9.9N" -ResolvedXML "magellanTEST.xml" -LocaleCode "en-us" -MagellanFolder "C:\Program Files\Author-it\Engines\Magellan" -IndexerFolder "C:\Program Files\Author-it\Compilers\Magellan" -LibraryPath "\\corporate\shares\AuthorIT\NewData\Libraries" -ThemeFolder "\\corporate\shares\AuthorIT\NewData\Templates\Magellan\(default)" -ContentFolder "en" -WebserverFolder "C:\inetpub\wwwroot\magellan\135805"
   Process-id: 17848
   Start time: 8/28/2020 8:15:41 AM
   End time: 8/28/2020 8:15:57 AM
   Exit code: 0
Command Line - Compile Magallan Site (16 Second(s))
Configure Output Location: Open Magellan Output
Checking Hyperlinks
Publishing magellanTEST (135805) to Resolved XML finished at 8:15:57 AM
