Saxon-PE 9.9.1.7N from Saxonica
.NET 4.0.30319.42000 on Microsoft Windows NT 6.1.7601 Service Pack 1
Found registry key at HKEY_LOCAL_MACHINE\Software\Wow6432Node\Saxonica\SaxonPE-N\Settings
Software installation path: c:\Program Files\Saxonica\SaxonPE9.9N
No license file found - running with licensable features disabled
URIResolver.resolve href="file:/C:/Program%20Files/Author-it/Transformations/web.xslt" base="null"
Stylesheet compilation time: 1.6067472s (1606.7472ms)
Processing file:/C:/Program%20Files/Author-it/Publishing/Magellan%20Help%20Center/magellanTEST/magellanTEST.xml
Using parser org.apache.xerces.jaxp.SAXParserImpl$JAXPSAXParser
Building tree for file:///C:/Program%20Files/Author-it/Publishing/Magellan%20Help%20Center/magellanTEST/magellanTEST.xml using class net.sf.saxon.tree.tiny.TinyBuilder
Tree built in 35.943896ms
Tree size: 27761 nodes, 200764 characters, 6941 attributes
 Reading book contents
 Generating book contents metadata
 Generating aitstyles.css
Writing to file:////styles.css
 Generating html content
Writing to file:////10405.html
Writing to file:////10862.html
Writing to file:////5246.html
Writing to file:////5247.html
Writing to file:////5249.html
Writing to file:////5248.html
 Generating toc.json
Writing to file:////toc.json
 Generating landingpage.json
Writing to file:////landingpage.json
Writing to file:////l_135096.html
Writing to file:////l_135098.html
Writing to file:////l_135800.html
Writing to file:////l_135797.html
Writing to file:////l_135798.html
Writing to file:////l_135799.html
Writing to file:////l_135801.html
Writing to file:////l_135802.html
Writing to file:////l_135803.html
Writing to file:////l_135804.html
 Generating footer.json
Writing to file:////footer.json
Writing to file:////f_135111.html
Writing to file:////f_121286.html
Writing to file:////f_109.html
Writing to file:////f_4756.html
 Generating index.json
Writing to file:////index.json
 Generating sitemap.xml
Writing to file:////sitemap.xml
 Generating modifiedtopics.json
Writing to file:////modifiedtopics.json
 Generating resources.json
Writing to file:////resources.json
 Generating metadata.json
 --Writing metadata.json
Writing to file:////metadata.json
 Generating metadataindex.json
Writing to file:////metadataindex.json
Execution time: 780.654504ms
Memory used: 25,671,320
