Publishing Knowledge Management Knowledge Center (171312) to Resolved XML started at 2:59:42 PM
Finding book relationships
565 objects found in 0 minutes 0 seconds
Creating output folder
Export to XML
Filtering by publishing profile and release state
Checking Release States (< 1 Second)
Exporting Objects
Copying additional files
Action - Publishing to Xml (1 Minute(s) 23 Second(s))
Executing After Publish Actions
   Command Line: Compile Magallan Site
   Filename: "c:\Windows\System32\WindowsPowerShell\v1.0\powershell.exe"
   Arguments: -WindowStyle Hidden -ExecutionPolicy bypass -File "\\corporate\shares\AuthorIT\NewData\Templates\Magellan\SupportFiles\magellan.ps1" -PublishFolder "C:\Program Files\Author-it\Publishing\Magellan Help Center\Knowledge Management Knowledge Center" -SaxonFolder "C:\Program Files\Saxonica\SaxonPE9.9N" -ResolvedXML "Knowledge Management Knowledge Center.xml" -LocaleCode "en-us" -MagellanFolder "C:\Program Files\Author-it\Engines\Magellan" -IndexerFolder "C:\Program Files\Author-it\Compilers\Magellan" -LibraryPath "\\corporate\shares\AuthorIT\NewData\Libraries" -ThemeFolder "\\corporate\shares\AuthorIT\NewData\Templates\Magellan\VertexKM" -ContentFolder "en" -WebserverFolder "C:\inetpub\wwwroot\magellan\171312"
   Process-ID: 15956
   Start time: 1/14/2021 3:01:06 PM
   End time: 1/14/2021 3:01:19 PM
   Exit code: 0
Command Line - Compile Magallan Site (13 Second(s))
Configure Output Location: Open Magellan Output
Checking Hyperlinks
Object Hypertext-Link 'About sending emails with Flow' (161899) does not have any targets in this book
Object Hypertext-Link 'Help welcome page - 201' (164896) does not have any targets in this book
Object Hypertext-Link 'About Author-it book templates' (165071) does not have any targets in this book
Object Hypertext-Link 'Knowledge Management Training Home Page' (165219) does not have any targets in this book
Publishing Knowledge Management Knowledge Center (171312) to Resolved XML finished at 3:01:21 PM
