Publishing 'Test for 2018 Design Refresh (151385)' to HTML Pages - No Frames (78881) (Started 8:38:02 AM)
Loading variables (8:38:02 AM)
Checking Release States (8:38:02 AM)
Creating output folder
Load book contents (8:38:03 AM)
Load related groups (8:38:03 AM)
Loading Book (< 1 Second)
Start publishing content (8:38:07 AM)
Determining HTML Pages - No Frames filenames (< 1 Second)
Creating Table of Contents (1 Second(s))
Topic 'Copyright notice - full  (for PDF)' - 109
Error during copying of file '\\corporate\shares\AuthorIT\Data\Templates\DHTML Search\open_parent.js' to 'C:\Program Files\Author-it\Publishing\HTML Pages - No Frames\Test for 2018 Design Refresh\open_parent.js'
File 'Next Icon' - 124
Topic 'Styles Testing Home Page' - 171064
Error during copying of file '\\corporate\shares\AuthorIT\NewData\Templates\HTML No Frames\body_template_HomePage.htm' to 'C:\Program Files\Author-it\Publishing\HTML Pages - No Frames\Test for 2018 Design Refresh\body_template_HomePage.htm'
File 'Previous Icon' - 125
Topic 'Body Styles' - 151387
Topic 'Character Styles' - 151389
Topic 'Graphics Styles' - 151390
Topic 'screenshot test' - 158971
File 'Home Icon' - 126
Topic 'Heading Styles' - 151391
Topic 'Heading level 2' - 151400
Topic 'Heading level 3' - 151401
Topic 'Heading level 4' - 151402
Topic 'Heading level 5' - 151403
Topic 'Heading level 6' - 151404
Topic 'Legal - Copyright Styles' - 151392
Topic 'List Styles' - 151393
Topic 'Bulleted list' - 151405
Topic 'Numbered list' - 151406
Topic 'Note Caution Warning' - 151394
Topic 'Table Styles' - 151397
Topic 'Columns' - 151388
Creating HTML Pages - No Frames Pages (11 Second(s))
Hyperlink 'Body Styles' (171065)
Hyperlink 'Character Styles' (171066)
Hyperlink 'Graphics Styles' (171067)
Hyperlink 'screenshot test' (171068)
Hyperlink 'Heading Styles' (171069)
Hyperlink 'Heading level 2' (171070)
Hyperlink 'Heading level 3' (171071)
Hyperlink 'Heading level 4' (171072)
Hyperlink 'Heading level 5' (171073)
Hyperlink 'Heading level 6' (171074)
Hyperlink 'Legal - Copyright Styles' (171075)
Hyperlink 'List Styles' (171076)
Hyperlink 'Bulleted list' (171077)
Hyperlink 'Numbered list' (171078)
Hyperlink 'Note Caution Warning' (171079)
Hyperlink 'Table Styles' (171080)
Hyperlink 'Columns' (171081)
File '100% figure' - 125033
File 'Copy of Reconcile book and taxable income' - 98114
File 'Panel-Secondary(NewUI)' - 158972
Adding Hyperlinks and Graphics (< 1 Second)
Converting Files (< 1 Second)
Creating Stylesheet (1 Second(s))
Publishing finish (Finished 8:38:28 AM)
